2018-01-11 15:38:14.308 : Listed all airports.
2018-01-11 15:52:02.014 : Created new airline with name: 123, country: Poland
2018-01-11 19:12:39.615 : Listed all airlines.
2018-01-11 19:52:03.852 : Listed all airlines.
2018-01-11 19:52:08.103 : Listed all airlines.
2018-01-11 19:52:09.416 : Listed all airlines.
2018-01-11 19:52:10.735 : Listed all airlines.
2018-05-07 10:20:52.897 : Listed all airports.
2018-05-07 10:21:07.517 : Listed airport id{4}.
2018-05-07 10:21:22.220 : Listed all airlines.
2018-05-07 10:21:34.620 : Request airline id{2}. Object not found.
2018-05-07 11:21:52.576 : Listed all airlines.
2018-05-08 08:56:39.358 : Listed all airlines.
2018-05-08 11:46:08.535 : Listed all airports.
2018-05-08 12:21:19.539 : Listed all airports.
2018-05-08 12:21:20.912 : Listed all airports.
2018-05-08 12:21:32.141 : Listed all airports.
2018-05-08 12:22:16.195 : Listed all airports.
2018-05-08 12:37:25.019 : Listed all airports.
2018-05-08 12:40:20.286 : Listed all airports.
2018-05-08 12:40:21.931 : Listed all airports.
2018-05-08 12:43:49.133 : Listed all airports.
2018-05-08 12:43:50.670 : Listed all airports.
2018-05-08 12:44:19.594 : Listed all airports.
2018-05-08 12:44:21.083 : Listed all airports.
2018-05-08 12:44:32.614 : Listed all airports.
2018-05-08 12:44:33.878 : Listed all airports.
2018-05-08 12:46:01.213 : Listed all airports.
2018-05-08 12:46:03.008 : Listed all airports.
2018-05-08 12:50:03.064 : Listed all airports.
2018-05-08 12:50:04.407 : Listed all airports.
2018-05-08 12:50:20.553 : Listed all airports.
2018-05-08 12:50:21.909 : Listed all airports.
2018-05-08 12:52:36.961 : Listed all airports.
2018-05-08 12:52:38.227 : Listed all airports.
2018-05-08 12:53:32.628 : Listed all airports.
2018-05-08 12:53:34.138 : Listed all airports.
2018-05-08 12:53:39.700 : Listed all airports.
2018-05-08 12:53:41.095 : Listed all airports.
2018-05-08 12:53:48.780 : Listed all airports.
2018-05-08 12:53:57.077 : Listed airport id{5}.
2018-05-08 12:54:00.557 : Listed all airports.
2018-05-08 12:54:58.146 : Listed all airports.
2018-05-08 12:54:59.034 : Listed all airports.
2018-05-08 12:55:27.041 : Listed all airports.
2018-05-08 12:55:27.778 : Listed all airports.
2018-05-08 12:55:54.227 : Listed all airports.
2018-05-08 12:55:55.104 : Listed all airports.
2018-05-08 12:56:00.546 : Listed airport id{1}.
2018-05-08 12:56:03.072 : Listed all airports.
2018-05-08 12:56:04.402 : Listed airport id{2}.
2018-05-08 12:56:05.652 : Listed all airports.
2018-05-08 12:56:07.771 : Listed airport id{3}.
2018-05-08 12:56:08.850 : Listed all airports.
2018-05-08 13:05:44.652 : Listed all airports.
2018-05-08 13:07:24.503 : Request airport id{6}. Object not found.
2018-05-08 13:07:32.603 : Listed airport id{4}.
2018-05-08 13:07:36.655 : Request airport id{6}. Object not found.
2018-05-08 13:07:53.562 : Listed airport id{4}.
2018-05-08 13:07:56.066 : Request airport id{6}. Object not found.
2018-05-08 13:23:03.726 : Listed all airports.
2018-05-08 13:23:07.279 : Listed all airports.
2018-05-08 13:28:40.538 : Listed all airports.
2018-05-08 13:34:33.218 : Listed all airports.
2018-05-08 13:34:42.513 : Listed all airports.
2018-05-08 13:36:48.784 : Listed all airports.
2018-05-08 13:37:46.270 : Listed all airports.
2018-05-08 13:39:54.707 : Listed all airports.
2018-05-08 13:41:10.274 : Listed all airports.
2018-05-08 13:52:47.030 : Listed all airports.
2018-05-08 13:53:25.685 : Listed all airports.
2018-05-08 13:57:32.011 : Listed all airports.
2018-05-08 13:57:54.713 : Listed all airports.
2018-05-08 13:58:04.767 : Listed all airports.
2018-05-08 13:58:23.581 : Listed all airports.
2018-05-08 13:58:35.789 : Listed all airports.
2018-05-08 13:59:07.567 : Listed all airports.
2018-05-08 13:59:32.320 : Listed all airports.
2018-05-08 14:00:46.113 : Listed all airports.
2018-05-08 14:01:37.119 : Listed all airports.
2018-05-08 14:02:19.098 : Listed all airports.
2018-05-08 14:02:30.827 : Listed all airports.
2018-05-08 14:03:58.187 : Listed all airports.
2018-05-08 14:04:19.864 : Listed all airports.
2018-05-08 14:04:20.661 : Listed all airports.
2018-05-08 14:04:46.460 : Listed all airports.
2018-05-08 14:05:36.045 : Listed all airports.
2018-05-08 14:07:12.867 : Listed all airports.
2018-05-08 14:07:57.449 : Listed all airports.
2018-05-08 14:08:20.627 : Listed all airports.
2018-05-08 14:09:30.155 : Listed all airports.
2018-05-08 14:10:14.113 : Listed all airports.
2018-05-08 14:11:38.730 : Listed all airports.
2018-05-08 14:13:01.536 : Listed all airports.
2018-05-08 14:13:08.607 : Listed all airports.
2018-05-08 14:13:10.702 : Listed all airports.
2018-05-08 14:13:14.213 : Listed all airports.
2018-05-08 14:13:21.463 : Listed all airports.
2018-05-08 14:16:22.277 : Listed all airports.
2018-05-08 14:16:53.163 : Listed all airports.
2018-05-08 14:20:04.828 : Listed all airports.
2018-05-08 14:20:16.314 : Listed all airports.
2018-05-08 14:20:24.997 : Listed all airports.
2018-05-08 14:20:28.711 : Listed all airports.
2018-05-08 14:20:51.561 : Listed all airports.
2018-05-08 14:21:09.970 : Listed all airports.
2018-05-08 14:22:55.838 : Listed all airports.
2018-05-08 14:23:27.000 : Listed all airports.
2018-05-08 14:24:55.468 : Listed all airports.
2018-05-08 14:24:57.586 : Listed all airports.
2018-05-08 14:25:17.415 : Listed all airports.
2018-05-08 14:25:17.416 : Listed all airports.
2018-05-08 14:25:48.574 : Listed all airports.
2018-05-08 14:25:48.574 : Listed all airports.
2018-05-08 14:26:02.555 : Listed all airports.
2018-05-08 14:26:16.716 : Listed all airports.
2018-05-08 14:26:19.784 : Listed all airports.
2018-05-08 14:27:50.494 : Listed all airports.
2018-05-08 14:27:51.023 : Listed all airports.
2018-05-08 14:28:08.378 : Listed all airports.
2018-05-08 14:28:08.624 : Listed all airports.
2018-05-08 14:28:31.529 : Listed all airports.
2018-05-08 14:28:32.086 : Listed all airports.
2018-05-08 14:28:46.787 : Listed all airports.
2018-05-08 14:28:47.244 : Listed all airports.
2018-05-08 14:29:06.819 : Listed all airports.
2018-05-08 14:29:17.735 : Listed all airports.
2018-05-08 14:29:34.835 : Listed all airports.
2018-05-08 14:29:53.716 : Listed all airports.
2018-05-08 14:29:54.180 : Listed all airports.
2018-05-08 14:30:08.805 : Listed all airports.
2018-05-08 14:30:27.917 : Listed all airports.
2018-05-08 14:30:28.190 : Listed all airports.
2018-05-08 14:30:47.749 : Listed all airports.
2018-05-08 14:31:08.672 : Listed all airports.
2018-05-08 14:31:09.047 : Listed all airports.
2018-05-08 14:31:22.535 : Listed all airports.
2018-05-08 14:31:29.616 : Listed all airports.
2018-05-08 14:31:40.669 : Listed all airports.
2018-05-08 14:31:48.127 : Listed all airports.
2018-05-08 14:31:48.952 : Listed all airports.
2018-05-08 14:32:05.995 : Listed all airports.
2018-05-08 14:32:08.226 : Listed all airports.
2018-05-08 14:32:09.879 : Listed all airports.
2018-05-08 14:32:10.506 : Listed all airports.
2018-05-08 14:32:57.615 : Listed all airports.
2018-05-08 14:32:58.545 : Listed all airports.
2018-05-08 14:33:23.614 : Listed all airports.
2018-05-08 14:33:25.285 : Listed all airports.
2018-05-08 14:34:17.144 : Listed all airports.
2018-05-08 14:34:17.809 : Listed all airports.
2018-05-08 14:36:13.983 : Listed all airports.
2018-05-08 14:36:14.725 : Listed all airports.
2018-05-08 14:36:20.116 : Listed all airports.
2018-05-08 14:36:28.209 : Listed all airports.
2018-05-08 14:36:36.953 : Listed all airports.
2018-05-08 14:36:44.707 : Listed all airports.
2018-05-08 14:36:52.950 : Listed all airports.
2018-05-08 14:37:04.443 : Listed all airports.
2018-05-08 14:37:04.831 : Listed all airports.
2018-05-08 14:38:50.568 : Listed all airports.
2018-05-08 14:38:51.202 : Listed all airports.
2018-05-08 14:39:02.418 : Listed all airports.
2018-05-08 14:39:12.765 : Listed all airports.
2018-05-08 14:39:13.049 : Listed all airports.
2018-05-08 14:39:29.709 : Listed all airports.
2018-05-08 14:39:29.962 : Listed all airports.
2018-05-08 14:39:41.842 : Listed all airports.
2018-05-08 14:39:42.747 : Listed all airports.
2018-05-08 14:39:59.096 : Listed all airports.
2018-05-08 14:40:09.160 : Listed all airports.
2018-05-08 14:40:14.127 : Listed all airports.
2018-05-08 14:40:14.573 : Listed all airports.
2018-05-08 14:40:35.970 : Listed all airports.
2018-05-08 14:40:36.853 : Listed all airports.
2018-05-08 14:40:56.131 : Listed all airports.
2018-05-08 14:41:12.376 : Listed all airports.
2018-05-08 14:41:35.282 : Listed all airports.
2018-05-08 14:42:03.875 : Listed all airports.
2018-05-08 14:42:04.619 : Listed all airports.
2018-05-08 14:42:40.667 : Listed all airports.
2018-05-08 14:42:48.462 : Listed airport id{1}.
2018-05-08 14:43:19.455 : Listed all airports.
2018-05-08 14:43:19.758 : Listed all airports.
2018-05-08 14:43:56.351 : Listed airport id{1}.
2018-05-08 14:44:04.657 : Listed all airports.
2018-05-08 14:44:36.292 : Listed all airports.
2018-05-08 14:44:41.354 : Listed all airports.
2018-05-08 14:44:42.959 : Listed all airports.
2018-05-08 14:44:57.788 : Listed all airports.
2018-05-08 14:45:04.098 : Listed all airports.
2018-05-08 14:45:18.026 : Listed all airports.
2018-05-08 14:45:23.756 : Listed all airports.
2018-05-08 14:45:37.068 : Listed all airports.
2018-05-08 14:45:51.542 : Listed all airports.
2018-05-08 14:45:52.495 : Listed all airports.
2018-05-08 14:46:07.998 : Listed all airports.
2018-05-08 14:46:18.902 : Listed all airports.
2018-05-08 14:46:52.880 : Listed all airports.
2018-05-08 14:47:10.460 : Listed all airports.
2018-05-08 14:47:11.179 : Listed all airports.
2018-05-08 14:47:21.220 : Listed all airports.
2018-05-08 14:47:21.521 : Listed all airports.
2018-05-08 14:47:23.768 : Listed all airports.
2018-05-08 14:47:24.540 : Listed all airports.
2018-05-08 14:47:40.570 : Listed all airports.
2018-05-08 14:47:40.774 : Listed all airports.
2018-05-08 14:48:01.806 : Listed all airports.
2018-05-08 14:48:06.148 : Listed all airports.
2018-05-08 14:48:07.022 : Listed all airports.
2018-05-08 14:48:10.510 : Listed all airports.
2018-05-08 14:48:16.350 : Listed all airports.
2018-05-08 14:48:16.543 : Listed all airports.
2018-05-08 14:48:24.747 : Listed all airports.
2018-05-08 14:48:37.892 : Listed all airports.
2018-05-08 14:48:38.904 : Listed all airports.
2018-05-08 14:48:47.097 : Listed all airports.
2018-05-08 14:48:48.058 : Listed all airports.
2018-05-08 14:49:42.541 : Listed all airports.
2018-05-08 14:49:48.678 : Listed all airports.
2018-05-08 14:49:49.031 : Listed all airports.
2018-05-08 14:50:57.453 : Listed all airports.
2018-05-08 14:51:06.654 : Listed all airports.
2018-05-08 14:51:07.173 : Listed all airports.
2018-05-08 14:51:16.710 : Listed all airports.
2018-05-08 14:51:17.677 : Listed all airports.
2018-05-08 14:51:31.246 : Listed all airports.
2018-05-08 14:51:31.604 : Listed all airports.
2018-05-08 14:52:40.478 : Listed all airports.
2018-05-08 14:52:41.211 : Listed all airports.
2018-05-08 14:53:34.264 : Listed all airports.
2018-05-08 14:53:34.936 : Listed all airports.
2018-05-08 14:54:20.080 : Listed all airports.
2018-05-08 14:54:20.517 : Listed all airports.
2018-05-08 14:54:39.886 : Listed all airports.
2018-05-08 14:54:40.113 : Listed all airports.
2018-05-08 14:54:57.649 : Listed all airports.
2018-05-08 14:54:57.878 : Listed all airports.
2018-05-08 14:55:31.471 : Listed all airports.
2018-05-08 14:55:32.024 : Listed all airports.
2018-05-08 14:56:15.407 : Listed all airports.
2018-05-08 14:56:15.785 : Listed all airports.
2018-05-08 14:56:33.124 : Listed all airports.
2018-05-08 14:56:33.345 : Listed all airports.
2018-05-08 14:56:46.455 : Listed all airports.
2018-05-08 14:56:48.072 : Listed all airports.
2018-05-08 14:56:54.451 : Listed all airports.
2018-05-08 14:56:55.658 : Listed all airports.
2018-05-08 14:57:02.788 : Listed all airports.
2018-05-08 14:57:03.769 : Listed all airports.
2018-05-08 14:57:16.024 : Listed all airports.
2018-05-08 14:57:16.797 : Listed all airports.
2018-05-08 14:58:22.172 : Listed all airports.
2018-05-08 14:59:50.618 : Listed all airports.
2018-05-08 15:01:49.764 : Listed all airports.
2018-05-08 15:03:03.735 : Listed all airports.
2018-05-08 15:03:20.691 : Listed all airports.
2018-05-08 15:04:32.607 : Listed all airports.
2018-05-08 15:04:33.320 : Listed all airports.
2018-05-08 15:04:42.923 : Listed all airports.
2018-05-08 15:04:47.976 : Listed all airports.
2018-05-08 15:04:48.309 : Listed all airports.
2018-05-08 15:06:02.045 : Listed all airports.
2018-05-08 15:06:23.098 : Listed all airports.
2018-05-08 15:06:41.343 : Listed all airports.
2018-05-08 15:06:44.266 : Listed airport id{1}.
2018-05-08 15:06:54.482 : Listed all airports.
2018-05-08 15:06:57.203 : Listed all airports.
2018-05-08 15:07:07.914 : Listed all airports.
2018-05-08 15:07:08.265 : Listed all airports.
2018-05-08 15:07:22.834 : Listed all airports.
2018-05-08 15:08:54.898 : Listed all airports.
2018-05-08 15:10:18.858 : Listed all airports.
2018-05-08 15:10:19.835 : Listed all airports.
2018-05-08 15:11:29.261 : Listed all airports.
2018-05-08 15:11:31.022 : Listed all airports.
2018-05-08 15:39:41.166 : Listed all airports.
2018-05-08 15:39:44.372 : Listed airport id{1}.
2018-05-08 15:39:48.020 : Listed all airports.
2018-05-08 15:46:24.869 : Listed all airports.
2018-05-08 15:46:25.883 : Listed all airports.
2018-05-08 15:46:26.466 : Listed all airports.
2018-05-08 15:46:30.907 : Listed all airports.
2018-05-08 15:46:38.858 : Listed all airports.
2018-05-08 15:46:43.231 : Listed all airports.
2018-05-08 15:46:47.733 : Listed all airports.
2018-05-08 15:46:49.446 : Listed all airports.
2018-05-08 15:47:25.251 : Listed all airports.
2018-05-08 15:47:39.579 : Listed all airports.
2018-05-08 15:47:39.881 : Listed all airports.
2018-05-08 15:47:56.080 : Listed all airports.
2018-05-08 15:48:16.301 : Listed all airports.
2018-05-08 15:48:18.567 : Listed all airports.
2018-05-08 15:48:18.903 : Listed all airports.
2018-05-08 15:48:23.787 : Listed all airports.
2018-05-08 15:48:29.086 : Listed airport id{1}.
2018-05-08 15:48:32.210 : Listed all airports.
2018-05-08 15:48:36.416 : Listed all airports.
2018-05-08 15:48:49.362 : Listed all airports.
2018-05-08 15:48:55.453 : Listed all airports.
2018-05-08 15:49:42.521 : Listed all airports.
2018-05-08 15:49:52.539 : Listed all airports.
2018-05-08 15:50:35.665 : Listed all airports.
2018-05-08 15:50:35.894 : Listed all airports.
2018-05-08 15:50:37.768 : Listed all airports.
2018-05-08 15:50:58.497 : Listed all airports.
2018-05-08 15:51:12.371 : Listed all airports.
2018-05-08 15:51:32.754 : Listed all airports.
2018-05-08 15:51:37.608 : Listed all airports.
2018-05-08 15:51:40.069 : Listed airport id{1}.
2018-05-08 15:51:42.818 : Listed all airports.
2018-05-08 15:52:06.453 : Listed all airports.
2018-05-08 15:52:36.622 : Listed all airports.
2018-05-08 15:52:36.959 : Listed all airports.
2018-05-08 15:52:40.655 : Listed all airports.
2018-05-08 15:52:40.963 : Listed all airports.
2018-05-08 15:52:49.468 : Listed all airports.
2018-05-08 15:52:49.708 : Listed all airports.
2018-05-08 15:54:20.499 : Listed all airports.
2018-05-08 15:54:20.758 : Listed all airports.
2018-05-08 15:55:51.290 : Listed all airports.
2018-05-08 15:57:52.170 : Listed all airports.
2018-05-08 15:57:56.976 : Listed all airports.
2018-05-08 15:57:58.030 : Listed airport id{1}.
2018-05-08 15:58:01.504 : Listed all airports.
2018-05-08 15:58:03.524 : Listed airport id{3}.
2018-05-08 15:58:10.144 : Listed airport id{3}.
2018-05-08 15:58:19.167 : Listed airport id{3}.
2018-05-08 15:59:05.459 : Listed airport id{3}.
2018-05-08 15:59:10.134 : Listed all airports.
2018-05-08 15:59:21.162 : Listed all airports.
2018-05-08 15:59:24.399 : Listed all airports.
2018-05-08 15:59:41.672 : Listed all airports.
2018-05-08 15:59:49.714 : Listed all airports.
2018-05-08 15:59:50.835 : Listed airport id{1}.
2018-05-08 16:02:22.801 : Listed airport id{1}.
2018-05-08 16:02:26.348 : Listed all airports.
2018-05-08 16:02:55.582 : Listed all airports.
2018-05-08 16:02:57.150 : Listed all airports.
2018-05-08 16:03:02.085 : Listed all airports.
2018-05-08 16:03:05.442 : Listed all airports.
2018-05-08 16:03:30.596 : Listed all airports.
2018-05-08 16:04:07.870 : Listed all airports.
2018-05-08 16:04:13.051 : Listed all airports.
2018-05-08 16:05:06.770 : Listed all airports.
2018-05-08 16:05:40.754 : Listed all airports.
2018-05-08 16:09:06.796 : Listed all airports.
2018-05-08 16:09:30.131 : Listed all airports.
2018-05-08 16:10:27.049 : Listed all airports.
2018-05-08 16:10:35.761 : Listed all airports.
2018-05-08 16:12:13.280 : Listed all airports.
2018-05-08 16:12:32.219 : Listed all airports.
2018-05-08 16:12:32.808 : Listed all airports.
2018-05-08 16:12:40.405 : Listed all airports.
2018-05-08 16:13:31.594 : Listed all airports.
2018-05-08 16:14:04.802 : Listed all airports.
2018-05-08 16:14:09.666 : Listed airport id{3}.
2018-05-08 16:14:12.078 : Listed all airports.
2018-05-08 16:14:25.779 : Listed all airports.
2018-05-08 16:14:32.156 : Listed all airports.
2018-05-08 16:14:49.521 : Listed all airports.
2018-05-08 16:14:52.595 : Listed all airports.
2018-05-08 16:14:55.694 : Listed all airports.
2018-05-08 16:15:26.475 : Listed all airports.
2018-05-08 16:16:23.818 : Listed all airports.
2018-05-08 16:17:35.550 : Listed all airports.
2018-05-08 16:17:38.446 : Listed airport id{4}.
2018-05-08 16:18:37.857 : Listed all airports.
2018-05-08 16:18:54.622 : Listed all airports.
2018-05-08 16:19:04.359 : Listed all airports.
2018-05-08 16:19:17.962 : Listed all airports.
2018-05-08 16:19:20.400 : Listed all airports.
2018-05-08 16:19:26.304 : Listed all airports.
2018-05-08 16:19:55.077 : Listed all airports.
2018-05-08 16:20:00.974 : Listed all airports.
2018-05-08 16:20:33.842 : Listed all airports.
2018-05-08 16:24:23.249 : Listed all airports.
2018-05-08 16:24:27.583 : Listed all airports.
2018-05-08 16:26:22.754 : Listed all airports.
2018-05-08 16:26:42.221 : Listed all airports.
2018-05-08 16:26:55.383 : Listed all airports.
2018-05-08 16:27:36.642 : Listed all airports.
2018-05-08 16:27:44.501 : Listed all airports.
2018-05-08 16:27:53.430 : Listed all airports.
2018-05-08 16:29:20.773 : Listed all airports.
2018-05-08 16:29:37.353 : Listed all airports.
2018-05-08 16:29:46.271 : Listed all airports.
2018-05-08 16:30:15.918 : Listed all airports.
2018-05-08 16:30:23.639 : Listed all airports.
2018-05-08 16:30:55.264 : Listed all airports.
2018-05-08 16:31:41.603 : Listed all airports.
2018-05-08 16:32:20.077 : Listed all airports.
2018-05-08 16:32:38.061 : Listed all airports.
2018-05-08 16:32:51.078 : Listed all airports.
2018-05-08 16:33:01.672 : Listed all airports.
2018-05-08 16:33:10.390 : Listed all airports.
2018-05-08 16:34:09.942 : Listed all airports.
2018-05-08 16:34:20.877 : Listed all airports.
2018-05-08 16:35:10.812 : Listed all airports.
2018-05-08 16:35:35.133 : Listed all airports.
2018-05-08 16:36:53.614 : Listed all airports.
2018-05-08 16:37:26.332 : Listed all airports.
2018-05-08 16:37:35.251 : Listed all airports.
2018-05-08 16:37:39.138 : Listed all airports.
2018-05-08 16:38:51.055 : Listed all airports.
2018-05-08 16:38:53.940 : Listed all airports.
2018-05-08 16:39:08.119 : Listed all airports.
2018-05-08 16:39:17.223 : Listed all airports.
2018-05-08 16:39:46.750 : Listed all airports.
2018-05-08 16:40:01.881 : Listed all airports.
2018-05-08 16:41:39.994 : Listed all airports.
2018-05-08 16:42:13.931 : Listed all airports.
2018-05-08 16:42:55.748 : Listed all airports.
2018-05-08 16:43:15.978 : Listed all airports.
2018-05-08 16:45:06.370 : Listed all airports.
2018-05-08 16:45:49.924 : Listed all airports.
2018-05-08 16:46:52.004 : Listed all airports.
2018-05-08 16:46:56.555 : Listed airport id{7}.
2018-05-08 16:46:59.803 : Listed all airports.
2018-05-08 16:47:00.043 : Listed all airports.
2018-05-08 16:47:07.144 : Listed airport id{7}.
2018-05-08 16:47:08.763 : Listed all airports.
2018-05-08 16:47:43.532 : Listed all airports.
2018-05-08 16:48:08.603 : Listed all airports.
2018-05-08 16:48:28.127 : Listed all airports.
2018-05-08 16:48:50.651 : Listed all airports.
2018-05-08 16:49:10.784 : Listed all airports.
2018-05-08 16:49:21.139 : Listed all airports.
2018-05-08 16:49:44.199 : Listed all airports.
2018-05-08 16:49:58.301 : Listed all airports.
2018-05-08 16:50:03.667 : Listed all airports.
2018-05-08 16:50:13.926 : Listed airport id{5}.
2018-05-08 16:50:16.406 : Listed all airports.
2018-05-08 16:50:16.518 : Listed all airports.
2018-05-08 16:50:33.228 : Listed all airports.
2018-05-08 16:50:48.437 : Listed all airports.
2018-05-08 16:51:11.015 : Archived airport id{2}.
2018-05-08 16:51:11.054 : Listed all airports.
2018-05-08 16:51:12.008 : Listed airport id{2}.
2018-05-08 16:51:13.980 : Listed all airports.
2018-05-08 16:51:37.841 : Listed airport id{4}.
2018-05-08 16:51:41.317 : Listed all airports.
2018-05-08 16:52:13.519 : Listed all airports.
2018-05-08 16:52:57.396 : Listed all airports.
2018-05-08 16:53:14.759 : Listed airport id{3}.
2018-05-08 16:53:18.545 : Listed all airports.
2018-05-08 16:53:23.546 : Listed all airports.
2018-05-08 16:53:27.178 : Listed all airports.
2018-05-08 16:54:55.203 : Listed all airports.
2018-05-08 16:54:58.353 : Listed airport id{2}.
2018-05-08 16:55:02.100 : Listed airport id{2}.
2018-05-08 16:55:04.617 : Listed airport id{3}.
2018-05-08 16:55:08.218 : Request airport id{9}. Object not found.
2018-05-08 16:55:12.051 : Listed all airports.
2018-05-08 16:55:30.559 : Listed airport id{7}.
2018-05-08 16:55:33.258 : Listed all airports.
2018-05-08 16:57:15.618 : Listed all airports.
2018-05-08 16:57:30.242 : Listed all airlines.
2018-05-08 16:59:20.424 : Listed all airports.
2018-05-08 16:59:35.851 : Listed airport id{7}.
2018-05-08 16:59:37.327 : Listed all airports.
2018-05-08 16:59:42.401 : Listed all airports.
2018-05-08 16:59:44.811 : Listed all airports.
2018-05-08 17:00:22.687 : Listed all airports.
2018-05-08 17:00:54.212 : Listed all airports.
2018-05-08 17:01:18.518 : Listed airport id{7}.
2018-05-08 17:01:20.282 : Listed all airports.
2018-05-08 17:05:15.088 : Listed airport id{7}.
2018-05-08 17:07:16.985 : Listed all airports.
2018-05-08 17:07:22.035 : Listed airport id{7}.
